<?xml version="1.0" encoding="UTF-8"?>
<!-- Generated by org.testng.reporters.JUnitReportReporter -->
<testsuite skipped="0" hostname="DESKTOP-SQGG2PG" name="test.ValidateMonthDropDownTest" tests="1" failures="0" timestamp="2022-04-14T10:08:43 CDT" time="2.993" errors="0">
  <testcase name="validateMonthDropDownList" time="2.993" classname="test.ValidateMonthDropDownTest"/>
  <system-out/>
</testsuite> <!-- test.ValidateMonthDropDownTest -->
