<?xml version="1.0" encoding="UTF-8"?>
<!-- Generated by org.testng.reporters.JUnitReportReporter -->
<testsuite skipped="0" hostname="DESKTOP-SQGG2PG" name="test.ValidateDuplicateCategoryTest" tests="1" failures="0" timestamp="2022-04-13T10:47:26 CDT" time="5.503" errors="0">
  <testcase name="validateDuplicate" time="5.503" classname="test.ValidateDuplicateCategoryTest"/>
  <system-out/>
</testsuite> <!-- test.ValidateDuplicateCategoryTest -->
