<?xml version="1.0" encoding="UTF-8"?>
<!-- Generated by org.testng.reporters.JUnitReportReporter -->
<testsuite skipped="0" hostname="DESKTOP-SQGG2PG" name="test.AddCategoryTest" tests="1" failures="0" timestamp="2022-04-13T10:13:21 CDT" time="5.719" errors="0">
  <testcase name="UserShouldbeAbletoAddCategory" time="5.719" classname="test.AddCategoryTest"/>
  <system-out/>
</testsuite> <!-- test.AddCategoryTest -->
