<?xml version="1.0" encoding="UTF-8"?>
<!-- Generated by org.testng.reporters.JUnitReportReporter -->
<testsuite skipped="0" hostname="DESKTOP-SQGG2PG" name="util.BrowserFactory" tests="1" failures="0" timestamp="2022-04-11T10:48:43 CDT" time="2.307" errors="0">
  <testcase name="init" time="2.307" classname="util.BrowserFactory"/>
  <system-out/>
</testsuite> <!-- util.BrowserFactory -->
